  C:\Users\mikul\zavrsni-rad\My-project\Install\Il2CppOutputProject\IL2CPP\build\deploy\il2cpp.exe --compile-cpp --platform=WinRT --incremental-g-c-time-slice=3 --relative-data-path=Data/il2cpp_data --dotnetprofile=unityaot-win32 --profiler-report --print-command-line --architecture=ARMv7 --configuration=Debug --outputpath=C:\Users\mikul\zavrsni-rad\My-project\Install\\build\bin\ARM\Debug\GameAssembly.dll --data-folder=C:\Users\mikul\zavrsni-rad\My-project\Install\\build\bin\ARM\Debug\ --cachedirectory=C:\Users\mikul\zavrsni-rad\My-project\Install\\build\obj\il2cppOutputProject\ARM\Debug\ --generatedcppdir=C:\Users\mikul\zavrsni-rad\My-project\Install\Il2CppOutputProject\\Source --verbose --baselib-directory=C:\Program Files\Unity\Hub\Editor\2022.3.27f1\Editor\Data\PlaybackEngines\MetroSupport\Players\UAP\il2cpp\ARM\Debug --profiler-output-file=C:\Users\mikul\zavrsni-rad\My-project\Install\\build\obj\il2cppOutputProject\ARM\Debug\profile.json
  Starting: C:\Users\mikul\zavrsni-rad\My-project\Install\Il2CppOutputProject\IL2CPP\build\deploy\bee_backend\win-x64\bee_backend.exe --verbose --threads=20 --profile="C:/Users/mikul/zavrsni-rad/My-project/Install/build/obj/il2cppOutputProject/ARM/Debug/buildstate/backend_profiler0.traceevents" --beedriver-listener --dagfile="C:/Users/mikul/zavrsni-rad/My-project/Install/build/obj/il2cppOutputProject/ARM/Debug/buildstate/bee.dag" --continue-on-failure FinalProgram
  WorkingDir: C:/Users/mikul/zavrsni-rad/My-project/Install/build/obj/il2cppOutputProject/ARM/Debug/buildstate
  ExitCode: 4 Duration: 0s125ms
  ExitCode: 1 Duration: 0s1ms
  Build failed with 0 successful nodes and 0 failed ones
EXEC : error : Internal build system error. BuildProgram exited with code 1.
  Unity.IL2CPP.Bee.BuildLogic.ToolchainNotFoundException: IL2CPP C++ code builder is unable to build C++ code. In order to build C++ code for UWP, you must have one of these installed:
   * Visual Studio 2022 or newer with C++ compilers and Windows 10 (or newer) SDK (recommended)
   * Visual Studio 2019 with C++ compilers and Windows 10 (or newer) SDK
   * Visual Studio 2017 with C++ compilers and Windows 10 (or newer) SDK
   * Visual Studio 2015 with C++ compilers and Windows 10 (or newer) SDK
  
  Visual Studio 2017 (or newer) is detected using `vswhere.exe` as well as VSCOMNTOOLS environment variables.
  Visual Studio 2015 is detected by looking at "SOFTWARE\Microsoft\VisualStudio\14.0_Config\InstallDir" in the registry as well as VSCOMNTOOLS environment variables.
  Windows 10 (or newer) SDK is detected by looking at "SOFTWARE\Wow6432Node\Microsoft\Microsoft SDKs\Windows\v10.0\InstallationFolder" in the registry.
  
  Unable to detect any compatible Visual Studio installation!
   * Found Visual Studio 2022 installation without support for architecture arm32
   * Found Visual Studio 2019 installation without support for architecture arm32
   * Found Visual Studio 2017 installation without support for architecture arm32
  
  
     at Unity.IL2CPP.Bee.BuildLogic.UniversalWindows.UWPBuildLogic.UserAvailableToolchainFor(Architecture architecture)
     at Unity.IL2CPP.Bee.IL2CPPExeCompileCppBuildProgram.BuildProgram.Main(String[] args, String currentDirectory)
     at Unity.IL2CPP.Building.InProcessBuildProgram.StartImpl(String workingDirectory, String[] arguments)
  
  
EXEC : error : Unity.IL2CPP.Building.BuilderFailedException: Build failed with 0 successful nodes and 0 failed ones
EXEC : error : Internal build system error. BuildProgram exited with code 1.
  Unity.IL2CPP.Bee.BuildLogic.ToolchainNotFoundException: IL2CPP C++ code builder is unable to build C++ code. In order to build C++ code for UWP, you must have one of these installed:
   * Visual Studio 2022 or newer with C++ compilers and Windows 10 (or newer) SDK (recommended)
   * Visual Studio 2019 with C++ compilers and Windows 10 (or newer) SDK
   * Visual Studio 2017 with C++ compilers and Windows 10 (or newer) SDK
   * Visual Studio 2015 with C++ compilers and Windows 10 (or newer) SDK
  
  Visual Studio 2017 (or newer) is detected using `vswhere.exe` as well as VSCOMNTOOLS environment variables.
  Visual Studio 2015 is detected by looking at "SOFTWARE\Microsoft\VisualStudio\14.0_Config\InstallDir" in the registry as well as VSCOMNTOOLS environment variables.
  Windows 10 (or newer) SDK is detected by looking at "SOFTWARE\Wow6432Node\Microsoft\Microsoft SDKs\Windows\v10.0\InstallationFolder" in the registry.
  
  Unable to detect any compatible Visual Studio installation!
   * Found Visual Studio 2022 installation without support for architecture arm32
   * Found Visual Studio 2019 installation without support for architecture arm32
   * Found Visual Studio 2017 installation without support for architecture arm32
  
  
     at Unity.IL2CPP.Bee.BuildLogic.UniversalWindows.UWPBuildLogic.UserAvailableToolchainFor(Architecture architecture)
     at Unity.IL2CPP.Bee.IL2CPPExeCompileCppBuildProgram.BuildProgram.Main(String[] args, String currentDirectory)
     at Unity.IL2CPP.Building.InProcessBuildProgram.StartImpl(String workingDirectory, String[] arguments)
  
  
     at il2cpp.Program.DoRun(TinyProfiler2 tinyProfiler, String[] args, RuntimePlatform platform, Il2CppCommandLineArguments il2CppCommandLineArguments, BuildingOptions buildingOptions, Boolean throwExceptions)
C:\Program Files (x86)\Microsoft Visual Studio\2017\Community\Common7\IDE\VC\VCTargets\Microsoft.MakeFile.Targets(44,5): error MSB3073: The command ""C:\Users\mikul\zavrsni-rad\My-project\Install\Il2CppOutputProject\\IL2CPP\build\deploy\il2cpp.exe"  --compile-cpp --platform=WinRT --incremental-g-c-time-slice=3 --relative-data-path=Data/il2cpp_data --dotnetprofile=unityaot-win32 --profiler-report --print-command-line --architecture=ARMv7 --configuration=Debug --outputpath="C:\Users\mikul\zavrsni-rad\My-project\Install\\build\bin\ARM\Debug\GameAssembly.dll" --data-folder="C:\Users\mikul\zavrsni-rad\My-project\Install\\build\bin\ARM\Debug\\" --cachedirectory="C:\Users\mikul\zavrsni-rad\My-project\Install\\build\obj\il2cppOutputProject\ARM\Debug\\" --generatedcppdir="C:\Users\mikul\zavrsni-rad\My-project\Install\Il2CppOutputProject\\Source" --verbose --baselib-directory="C:\Program Files\Unity\Hub\Editor\2022.3.27f1\Editor\Data\PlaybackEngines\MetroSupport\Players\UAP\il2cpp\ARM\Debug" --profiler-output-file="C:\Users\mikul\zavrsni-rad\My-project\Install\\build\obj\il2cppOutputProject\ARM\Debug\profile.json"" exited with code 4.
